<?xml version="1.0" encoding="UTF-8"?>
<!-- Generated by org.testng.reporters.JUnitReportReporter -->
<testsuite skipped="0" hostname="Krishnavenis-MacBook-Air.local" name="test.ProductSelectionTest" tests="3" failures="0" timestamp="2021-07-16T19:15:58 IST" time="1.719" errors="0">
  <testcase name="selectProduct" time="0.340" classname="test.ProductSelectionTest"/>
  <system-out/>
  <testcase name="loginSwaglab" time="1.228" classname="test.ProductSelectionTest"/>
  <system-out/>
  <testcase name="verifyProduct" time="0.151" classname="test.ProductSelectionTest"/>
  <system-out/>
</testsuite> <!-- test.ProductSelectionTest -->
